2019-05-06 03:27:49 INFO  - [printTitle] START
2019-05-06 03:27:50 INFO  - [printTitle] EXIT
2019-05-06 03:28:01 INFO  - [startGame] userInput : 2
2019-05-06 03:28:01 INFO  - [startNewGame] : START
2019-05-06 03:28:01 INFO  - [loadGame] START
2019-05-06 03:28:22 INFO  - [printTitle] START
2019-05-06 03:28:22 INFO  - [printTitle] EXIT
2019-05-06 03:28:27 INFO  - [startGame] userInput : 1
2019-05-06 03:28:27 INFO  - [startNewGame] : START
2019-05-06 03:28:27 INFO  - [getPlayerNames] START
2019-05-06 03:28:31 INFO  - [getPlayerNames] EXIT , names : [hh, gg]
2019-05-06 03:28:31 INFO  - [printPlayersName] START , PLAYER 1 : HH, PLAYER 2 : GG
2019-05-06 03:28:31 INFO  - [printPlayersName] EXIT
2019-05-06 03:28:31 INFO  - [performActions] START , playerData : Players Detail: 
 1.Name P1 : hh, Health P1 : 100, Gold P1 : 1000, EnergyDrink P1 : 5, ShortGun P1 : 0, BigGun P1 : 0 
 2.Name P2 : gg, Health P2 : 100, Gold P2 : 1000, EnergyDrink P2 : 5, ShortGun P2 : 0, BigGun P2 : 0 ,isPlay : true
2019-05-06 03:28:31 INFO  - [printActions] START
2019-05-06 03:28:31 INFO  - [printActions] START, PLAYER : Players Detail: 
 1.Name P1 : hh, Health P1 : 100, Gold P1 : 1000, EnergyDrink P1 : 5, ShortGun P1 : 0, BigGun P1 : 0 
 2.Name P2 : gg, Health P2 : 100, Gold P2 : 1000, EnergyDrink P2 : 5, ShortGun P2 : 0, BigGun P2 : 0
2019-05-06 03:28:35 INFO  - [saveGame] START , Player : Players Detail: 
 1.Name P1 : hh, Health P1 : 100, Gold P1 : 1000, EnergyDrink P1 : 5, ShortGun P1 : 0, BigGun P1 : 0 
 2.Name P2 : gg, Health P2 : 100, Gold P2 : 1000, EnergyDrink P2 : 5, ShortGun P2 : 0, BigGun P2 : 0
2019-05-06 03:28:38 INFO  - [saveGame] EXIT
2019-05-06 03:28:38 INFO  - [performActions] EXIT , playerData : Players Detail: 
 1.Name P1 : hh, Health P1 : 100, Gold P1 : 1000, EnergyDrink P1 : 5, ShortGun P1 : 0, BigGun P1 : 0 
 2.Name P2 : gg, Health P2 : 100, Gold P2 : 1000, EnergyDrink P2 : 5, ShortGun P2 : 0, BigGun P2 : 0 ,isPlay : false
2019-05-06 03:28:38 INFO  - [decideWinnerAndContinue] START , playerData : Players Detail: 
 1.Name P1 : hh, Health P1 : 100, Gold P1 : 1000, EnergyDrink P1 : 5, ShortGun P1 : 0, BigGun P1 : 0 
 2.Name P2 : gg, Health P2 : 100, Gold P2 : 1000, EnergyDrink P2 : 5, ShortGun P2 : 0, BigGun P2 : 0
2019-05-06 03:28:38 INFO  - [decideWinnerAndContinue] EXIT 
2019-05-06 03:28:38 INFO  - [startNewGame] : EXIT
2019-05-06 03:29:33 INFO  - [printTitle] START
2019-05-06 03:29:33 INFO  - [printTitle] EXIT
2019-05-06 03:29:35 INFO  - [startGame] userInput : 2
2019-05-06 03:29:35 INFO  - [startNewGame] : START
2019-05-06 03:29:35 INFO  - [loadGame] START
2019-05-06 03:30:53 INFO  - [printTitle] START
2019-05-06 03:30:53 INFO  - [printTitle] EXIT
2019-05-06 03:30:57 INFO  - [startGame] userInput : 1
2019-05-06 03:30:57 INFO  - [startNewGame] : START
2019-05-06 03:30:57 INFO  - [getPlayerNames] START
2019-05-06 03:31:06 INFO  - [getPlayerNames] EXIT , names : [sam, vicky]
2019-05-06 03:31:06 INFO  - [printPlayersName] START , PLAYER 1 : SAM, PLAYER 2 : VICKY
2019-05-06 03:31:06 INFO  - [printPlayersName] EXIT
2019-05-06 03:31:06 INFO  - [performActions] START , playerData : Players Detail: 
 1.Name P1 : sam, Health P1 : 100, Gold P1 : 1000, EnergyDrink P1 : 5, ShortGun P1 : 0, BigGun P1 : 0 
 2.Name P2 : vicky, Health P2 : 100, Gold P2 : 1000, EnergyDrink P2 : 5, ShortGun P2 : 0, BigGun P2 : 0 ,isPlay : true
2019-05-06 03:31:06 INFO  - [printActions] START
2019-05-06 03:31:06 INFO  - [printActions] START, PLAYER : Players Detail: 
 1.Name P1 : sam, Health P1 : 100, Gold P1 : 1000, EnergyDrink P1 : 5, ShortGun P1 : 0, BigGun P1 : 0 
 2.Name P2 : vicky, Health P2 : 100, Gold P2 : 1000, EnergyDrink P2 : 5, ShortGun P2 : 0, BigGun P2 : 0
2019-05-06 03:31:09 INFO  - [saveGame] START , Player : Players Detail: 
 1.Name P1 : sam, Health P1 : 100, Gold P1 : 1000, EnergyDrink P1 : 5, ShortGun P1 : 0, BigGun P1 : 0 
 2.Name P2 : vicky, Health P2 : 100, Gold P2 : 1000, EnergyDrink P2 : 5, ShortGun P2 : 0, BigGun P2 : 0
2019-05-06 03:31:14 INFO  - [saveGame] EXIT
2019-05-06 03:31:14 INFO  - [performActions] EXIT , playerData : Players Detail: 
 1.Name P1 : sam, Health P1 : 100, Gold P1 : 1000, EnergyDrink P1 : 5, ShortGun P1 : 0, BigGun P1 : 0 
 2.Name P2 : vicky, Health P2 : 100, Gold P2 : 1000, EnergyDrink P2 : 5, ShortGun P2 : 0, BigGun P2 : 0 ,isPlay : false
2019-05-06 03:31:14 INFO  - [decideWinnerAndContinue] START , playerData : Players Detail: 
 1.Name P1 : sam, Health P1 : 100, Gold P1 : 1000, EnergyDrink P1 : 5, ShortGun P1 : 0, BigGun P1 : 0 
 2.Name P2 : vicky, Health P2 : 100, Gold P2 : 1000, EnergyDrink P2 : 5, ShortGun P2 : 0, BigGun P2 : 0
2019-05-06 03:31:14 INFO  - [decideWinnerAndContinue] EXIT 
2019-05-06 03:31:14 INFO  - [startNewGame] : EXIT
2019-05-06 03:31:24 INFO  - [printTitle] START
2019-05-06 03:31:24 INFO  - [printTitle] EXIT
2019-05-06 03:31:26 INFO  - [startGame] userInput : 2
2019-05-06 03:31:26 INFO  - [startNewGame] : START
2019-05-06 03:31:26 INFO  - [loadGame] START
2019-05-06 03:31:29 INFO  - [performActions] START , playerData : Players Detail: 
 1.Name P1 : sam, Health P1 : 100, Gold P1 : 1000, EnergyDrink P1 : 5, ShortGun P1 : 0, BigGun P1 : 0 
 2.Name P2 : vicky, Health P2 : 100, Gold P2 : 1000, EnergyDrink P2 : 5, ShortGun P2 : 0, BigGun P2 : 0 ,isPlay : true
2019-05-06 03:31:29 INFO  - [printActions] START
2019-05-06 03:31:29 INFO  - [printActions] START, PLAYER : Players Detail: 
 1.Name P1 : sam, Health P1 : 100, Gold P1 : 1000, EnergyDrink P1 : 5, ShortGun P1 : 0, BigGun P1 : 0 
 2.Name P2 : vicky, Health P2 : 100, Gold P2 : 1000, EnergyDrink P2 : 5, ShortGun P2 : 0, BigGun P2 : 0
2019-05-06 03:34:04 INFO  - [printTitle] START
2019-05-06 03:34:04 INFO  - [printTitle] EXIT
2019-05-06 03:34:08 INFO  - [startGame] userInput : 2
2019-05-06 03:34:08 INFO  - [startNewGame] : START
2019-05-06 03:34:08 INFO  - [loadGame] START
2019-05-06 03:34:21 INFO  - [performActions] START , playerData : null ,isPlay : true
2019-05-06 03:34:21 INFO  - [printActions] START
2019-05-06 03:34:21 ERROR - [loadGame] Exception : null
2019-05-06 03:34:21 INFO  - [loadGame] EXIT
2019-05-06 03:34:21 INFO  - [startNewGame] : EXIT , isLoadedSuccessfully : false
2019-05-06 03:35:36 INFO  - [printTitle] START
2019-05-06 03:35:36 INFO  - [printTitle] EXIT
2019-05-06 03:35:39 INFO  - [startGame] userInput : 2
2019-05-06 03:35:39 INFO  - [startNewGame] : START
2019-05-06 03:35:39 INFO  - [loadGame] START
2019-05-06 03:35:41 INFO  - [performActions] START , playerData : Players Detail: 
 1.Name P1 : sumit, Health P1 : 100, Gold P1 : 1000, EnergyDrink P1 : 5, ShortGun P1 : 0, BigGun P1 : 0 
 2.Name P2 : UV, Health P2 : 95, Gold P2 : 1000, EnergyDrink P2 : 5, ShortGun P2 : 0, BigGun P2 : 0 ,isPlay : true
2019-05-06 03:35:41 INFO  - [printActions] START
2019-05-06 03:35:41 INFO  - [printActions] START, PLAYER : Players Detail: 
 1.Name P1 : sumit, Health P1 : 100, Gold P1 : 1000, EnergyDrink P1 : 5, ShortGun P1 : 0, BigGun P1 : 0 
 2.Name P2 : UV, Health P2 : 95, Gold P2 : 1000, EnergyDrink P2 : 5, ShortGun P2 : 0, BigGun P2 : 0
2019-05-06 03:35:46 INFO  - [saveGame] START , Player : Players Detail: 
 1.Name P1 : sumit, Health P1 : 100, Gold P1 : 1000, EnergyDrink P1 : 5, ShortGun P1 : 0, BigGun P1 : 0 
 2.Name P2 : UV, Health P2 : 95, Gold P2 : 1000, EnergyDrink P2 : 5, ShortGun P2 : 0, BigGun P2 : 0
2019-05-06 03:35:48 INFO  - [saveGame] EXIT
2019-05-06 03:35:48 INFO  - [performActions] EXIT , playerData : Players Detail: 
 1.Name P1 : sumit, Health P1 : 100, Gold P1 : 1000, EnergyDrink P1 : 5, ShortGun P1 : 0, BigGun P1 : 0 
 2.Name P2 : UV, Health P2 : 95, Gold P2 : 1000, EnergyDrink P2 : 5, ShortGun P2 : 0, BigGun P2 : 0 ,isPlay : false
2019-05-06 03:35:48 INFO  - [decideWinnerAndContinue] START , playerData : Players Detail: 
 1.Name P1 : sumit, Health P1 : 100, Gold P1 : 1000, EnergyDrink P1 : 5, ShortGun P1 : 0, BigGun P1 : 0 
 2.Name P2 : UV, Health P2 : 95, Gold P2 : 1000, EnergyDrink P2 : 5, ShortGun P2 : 0, BigGun P2 : 0
2019-05-06 03:35:48 INFO  - [decideWinnerAndContinue] EXIT 
2019-05-06 03:35:48 INFO  - [loadGame] EXIT
2019-05-06 03:35:48 INFO  - [startNewGame] : EXIT , isLoadedSuccessfully : true
